#-----------------------------------------------------------
# updatemem v2018.2 (64-bit)
# SW Build 2258646 on Thu Jun 14 20:03:12 MDT 2018
# IP Build 2256618 on Thu Jun 14 22:10:49 MDT 2018
# Start of session at: Wed Mar  9 15:33:36 2022
# Process ID: 8952
# Current directory: V:/hardware/m3_for_arty_a7/m3_for_arty_a7
# Command line: updatemem.exe -mode batch -source C:/Xilinx/Vivado/2018.2/scripts/updatemem/main.tcl -notrace -tclargs -meminfo ./m3.mmi -data ./bram_a7.elf -proc dummy -bit ./m3_for_arty_a7.runs/impl_1/m3_for_arty_a7_wrapper.bit -out m3_for_arty_a7.bit -force
# Log file: V:/hardware/m3_for_arty_a7/m3_for_arty_a7/updatemem.log
# Journal file: V:/hardware/m3_for_arty_a7/m3_for_arty_a7\updatemem.jou
#-----------------------------------------------------------
source C:/Xilinx/Vivado/2018.2/scripts/updatemem/main.tcl -notrace
Command: update_mem -meminfo ./m3.mmi -data ./bram_a7.elf -proc dummy -bit ./m3_for_arty_a7.runs/impl_1/m3_for_arty_a7_wrapper.bit -out m3_for_arty_a7.bit -force
Loading bitfile ./m3_for_arty_a7.runs/impl_1/m3_for_arty_a7_wrapper.bit
Loading data files...
Updating memory content...
Creating bitstream...
Writing bitstream m3_for_arty_a7.bit...
0 Infos, 0 Warnings, 0 Critical Warnings and 0 Errors encountered.
update_mem completed successfully
update_mem: Time (s): cpu = 00:00:10 ; elapsed = 00:00:12 . Memory (MB): peak = 526.422 ; gain = 470.285
INFO: [Common 17-206] Exiting updatemem at Wed Mar  9 15:33:48 2022...
