#-----------------------------------------------------------
# updatemem v2018.2 (64-bit)
# SW Build 2258646 on Thu Jun 14 20:03:12 MDT 2018
# IP Build 2256618 on Thu Jun 14 22:10:49 MDT 2018
# Start of session at: Thu Mar 24 12:05:36 2022
# Process ID: 24264
# Current directory: D:/FPGA/FPGA/CortexM3/hardware/m3_for_arty_a7/m3_for_arty_a7
# Command line: updatemem.exe -mode batch -source D:/Programas/Xilinx/Vivado/2018.2/scripts/updatemem/main.tcl -notrace -tclargs -meminfo ./m3.mmi -data ./bram_a7.elf -proc dummy -bit ./m3_for_arty_a7.runs/impl_1/m3_for_arty_a7_wrapper.bit -out m3_for_arty_a7.bit -force
# Log file: D:/FPGA/FPGA/CortexM3/hardware/m3_for_arty_a7/m3_for_arty_a7/updatemem.log
# Journal file: D:/FPGA/FPGA/CortexM3/hardware/m3_for_arty_a7/m3_for_arty_a7\updatemem.jou
#-----------------------------------------------------------
source D:/Programas/Xilinx/Vivado/2018.2/scripts/updatemem/main.tcl -notrace
Command: update_mem -meminfo ./m3.mmi -data ./bram_a7.elf -proc dummy -bit ./m3_for_arty_a7.runs/impl_1/m3_for_arty_a7_wrapper.bit -out m3_for_arty_a7.bit -force
Loading bitfile ./m3_for_arty_a7.runs/impl_1/m3_for_arty_a7_wrapper.bit
Loading data files...
Updating memory content...
Creating bitstream...
Writing bitstream m3_for_arty_a7.bit...
0 Infos, 0 Warnings, 0 Critical Warnings and 0 Errors encountered.
update_mem completed successfully
update_mem: Time (s): cpu = 00:00:11 ; elapsed = 00:00:11 . Memory (MB): peak = 526.305 ; gain = 470.688
INFO: [Common 17-206] Exiting updatemem at Thu Mar 24 12:05:47 2022...
