#-----------------------------------------------------------
# Vivado v2018.2 (64-bit)
# SW Build 2258646 on Thu Jun 14 20:03:12 MDT 2018
# IP Build 2256618 on Thu Jun 14 22:10:49 MDT 2018
# Start of session at: Wed Mar  9 15:33:31 2022
# Process ID: 17132
# Current directory: V:/hardware/m3_for_arty_a7/m3_for_arty_a7
# Command line: vivado.exe -mode batch -source make_prog_files.tcl -notrace
# Log file: V:/hardware/m3_for_arty_a7/m3_for_arty_a7/vivado.log
# Journal file: V:/hardware/m3_for_arty_a7/m3_for_arty_a7\vivado.jou
#-----------------------------------------------------------
source make_prog_files.tcl -notrace
  Running updatemem ...

****** updatemem v2018.2 (64-bit)
  **** SW Build 2258646 on Thu Jun 14 20:03:12 MDT 2018
  **** IP Build 2256618 on Thu Jun 14 22:10:49 MDT 2018
    ** Copyright 1986-2018 Xilinx, Inc. All Rights Reserved.

source C:/Xilinx/Vivado/2018.2/scripts/updatemem/main.tcl -notrace
Command: update_mem -meminfo ./m3.mmi -data ./bram_a7.elf -proc dummy -bit ./m3_for_arty_a7.runs/impl_1/m3_for_arty_a7_wrapper.bit -out m3_for_arty_a7.bit -force
Loading bitfile ./m3_for_arty_a7.runs/impl_1/m3_for_arty_a7_wrapper.bit
Loading data files...
Updating memory content...
Creating bitstream...
Writing bitstream m3_for_arty_a7.bit...
0 Infos, 0 Warnings, 0 Critical Warnings and 0 Errors encountered.
update_mem completed successfully
update_mem: Time (s): cpu = 00:00:10 ; elapsed = 00:00:12 . Memory (MB): peak = 526.422 ; gain = 470.285
INFO: [Common 17-206] Exiting updatemem at Wed Mar  9 15:33:48 2022...

********************************************
  m3_for_arty_a7.bit correctly generated
********************************************

Command: write_cfgmem -force -format MCS -size 16 -interface SPIx4 -loadbit { up 0 m3_for_arty_a7.bit} m3_for_arty_a7.mcs
Creating config memory files...
Creating bitstream load up from address 0x00000000
Loading bitfile m3_for_arty_a7.bit
Writing file ./m3_for_arty_a7.mcs
Writing log file ./m3_for_arty_a7.prm
===================================
Configuration Memory information
===================================
File Format        MCS
Interface          SPIX4
Size               16M
Start Address      0x00000000
End Address        0x00FFFFFF

Addr1         Addr2         Date                    File(s)
0x00000000    0x003A607B    Mar  9 15:33:48 2022    m3_for_arty_a7.bit
0 Infos, 0 Warnings, 0 Critical Warnings and 0 Errors encountered.
write_cfgmem completed successfully

********************************************
  m3_for_arty_a7.mcs correctly generated
********************************************

INFO: [Common 17-206] Exiting Vivado at Wed Mar  9 15:33:51 2022...
